<?xml version="1.0" encoding="UTF-8"?>
<!-- Generated by org.testng.reporters.JUnitReportReporter -->
<testsuite hostname="vijay-PC" name="com.testNG.parametersexample" tests="2" failures="0" timestamp="12 May 2021 06:27:39 GMT" time="0.776" errors="0">
  <testcase name="homePageTitle" time="0.006" classname="com.testNG.parametersexample"/>
  <testcase name="loginTest" time="0.770" classname="com.testNG.parametersexample"/>
</testsuite> <!-- com.testNG.parametersexample -->
