<?xml version="1.0" encoding="UTF-8"?>
<!-- Generated by org.testng.reporters.JUnitReportReporter -->
<testsuite hostname="vijay-PC" name="com.testNG.Extendreportwithtestng" tests="2" failures="0" timestamp="19 May 2021 04:29:44 GMT" time="4.733" errors="0">
  <testcase name="test2" time="0.704" classname="com.testNG.Extendreportwithtestng"/>
  <testcase name="test1" time="4.029" classname="com.testNG.Extendreportwithtestng"/>
</testsuite> <!-- com.testNG.Extendreportwithtestng -->
