<?xml version="1.0" encoding="UTF-8"?>
<!-- Generated by org.testng.reporters.JUnitReportReporter -->
<testsuite hostname="vijay-PC" name="com.testNG.TC2" tests="2" failures="0" timestamp="13 May 2021 10:03:31 GMT" time="0.010" errors="0">
  <testcase name="test3" time="0.010" classname="com.testNG.TC2"/>
  <testcase name="test4" time="0.000" classname="com.testNG.TC2"/>
</testsuite> <!-- com.testNG.TC2 -->
