<?xml version="1.0" encoding="UTF-8"?>
<!-- Generated by org.testng.reporters.JUnitReportReporter -->
<testsuite hostname="vijay-PC" name="com.testNG.Testngifrmaeex" tests="1" failures="0" timestamp="11 May 2021 10:50:45 GMT" time="48.463" errors="0">
  <testcase name="frames" time="48.463" classname="com.testNG.Testngifrmaeex"/>
</testsuite> <!-- com.testNG.Testngifrmaeex -->
