<?xml version="1.0" encoding="UTF-8"?>
<!-- Generated by org.testng.reporters.JUnitReportReporter -->
<testsuite hostname="vijay-PC" name="com.testNG.priorityexample" tests="2" failures="0" timestamp="11 May 2021 06:08:32 GMT" time="0.014" errors="0">
  <testcase name="TestOne" time="0.013" classname="com.testNG.priorityexample"/>
  <testcase name="TestTwo" time="0.001" classname="com.testNG.priorityexample"/>
</testsuite> <!-- com.testNG.priorityexample -->
