<?xml version="1.0" encoding="UTF-8"?>
<!-- Generated by org.testng.reporters.JUnitReportReporter -->
<testsuite hostname="vijay-PC" name="com.testNG.Parallaltest1" tests="2" failures="0" timestamp="14 May 2021 04:28:43 GMT" time="58.868" errors="0">
  <testcase name="homePageTitle" time="24.304" classname="com.testNG.Parallaltest1"/>
  <testcase name="loginTest" time="34.564" classname="com.testNG.Parallaltest1"/>
</testsuite> <!-- com.testNG.Parallaltest1 -->
