<?xml version="1.0" encoding="UTF-8"?>
<!-- Generated by org.testng.reporters.JUnitReportReporter -->
<testsuite hostname="vijay-PC" name="com.testNG.TC1" tests="2" failures="0" timestamp="13 May 2021 09:58:06 GMT" time="0.020" errors="0">
  <testcase name="test2" time="0.015" classname="com.testNG.TC1"/>
  <testcase name="test1" time="0.005" classname="com.testNG.TC1"/>
</testsuite> <!-- com.testNG.TC1 -->
