<?xml version="1.0" encoding="UTF-8"?>
<!-- Generated by org.testng.reporters.JUnitReportReporter -->
<testsuite hostname="vijay-PC" name="com.bookstore.api.TC_BookStoreAPI" tests="1" failures="0" timestamp="5 Jul 2021 07:08:30 GMT" time="6.475" errors="0">
  <testcase name="test_getAllBooks" time="6.475" classname="com.bookstore.api.TC_BookStoreAPI"/>
</testsuite> <!-- com.bookstore.api.TC_BookStoreAPI -->
