<?xml version="1.0" encoding="UTF-8"?>
<!-- Generated by org.testng.reporters.JUnitReportReporter -->
<testsuite hostname="vijay-PC" name="com.testNG.Assertionexample" tests="2" failures="0" timestamp="11 May 2021 07:49:59 GMT" time="0.305" errors="0">
  <testcase name="loginTest" time="0.295" classname="com.testNG.Assertionexample"/>
  <testcase name="homePageTitle" time="0.010" classname="com.testNG.Assertionexample"/>
</testsuite> <!-- com.testNG.Assertionexample -->
