<?xml version="1.0" encoding="UTF-8"?>
<!-- Generated by org.testng.reporters.JUnitReportReporter -->
<testsuite hostname="vijay-PC" name="com.testNG.Groupingexamples" tests="3" failures="0" timestamp="11 May 2021 10:10:52 GMT" time="0.016" errors="0">
  <testcase name="test5" time="0.000" classname="com.testNG.Groupingexamples"/>
  <testcase name="test2" time="0.000" classname="com.testNG.Groupingexamples"/>
  <testcase name="test1" time="0.016" classname="com.testNG.Groupingexamples"/>
</testsuite> <!-- com.testNG.Groupingexamples -->
