<?xml version="1.0" encoding="UTF-8"?>
<!-- Generated by org.testng.reporters.JUnitReportReporter -->
<testsuite hostname="vijay-PC" name="com.bookstore.api.BookStoreApi" tests="1" failures="0" timestamp="2 Jul 2021 06:50:18 GMT" time="7.062" errors="0">
  <testcase name="getBooks" time="7.062" classname="com.bookstore.api.BookStoreApi"/>
</testsuite> <!-- com.bookstore.api.BookStoreApi -->
